FILE_TYPE=LIBRARY_PARTS;
PRIMITIVE 'MAL214699103E3','MAL214699103E3_Capacitor Al Electrolytic';
  PIN
    '+':
      PIN_NUMBER='(1)';
      NO_LOAD_CHECK=BOTH;
      NO_IO_CHECK=BOTH;
      ALLOW_CONNECT=TRUE;
      PINUSE='UNSPEC';
    '-':
      PIN_NUMBER='(2)';
      NO_LOAD_CHECK=BOTH;
      NO_IO_CHECK=BOTH;
      ALLOW_CONNECT=TRUE;
      PINUSE='UNSPEC';
  END_PIN;
  BODY
    PART_NAME='MAL214699103E3';
    PHYS_DES_PREFIX='C';
    NO_LOAD_CHECK='TRUE';
    PIN_COUNT='2';
    BODY_NAME='MAL214699103E3';
    JEDEC_TYPE='CAPAE1000X1050N';
  END_BODY;
END_PRIMITIVE;
END.
