FILE_TYPE=LIBRARY_PARTS;
PRIMITIVE 'FOXSDLF_080_20','FOXSDLF_080_20_Other';
  PIN
    'CRYSTAL_2':
      PIN_NUMBER='(2)';
      NO_LOAD_CHECK=BOTH;
      NO_IO_CHECK=BOTH;
      ALLOW_CONNECT=TRUE;
      PINUSE='UNSPEC';
    '':
      PIN_NUMBER='()';
      NO_LOAD_CHECK=BOTH;
      NO_IO_CHECK=BOTH;
      ALLOW_CONNECT=TRUE;
      PINUSE='UNSPEC';
  END_PIN;
  BODY
    PART_NAME='FOXSDLF_080_20';
    PHYS_DES_PREFIX='Y';
    NO_LOAD_CHECK='TRUE';
    PIN_COUNT='2';
    BODY_NAME='FOXSDLF_080_20';
    JEDEC_TYPE='FOXSDLF08020';
  END_BODY;
END_PRIMITIVE;
END.
