FILE_TYPE=LIBRARY_PARTS;
PRIMITIVE 'MAASL105CD7105MFCA01','MAASL105CD7105MFCA01_Other';
  PIN
    '1':
      PIN_NUMBER='(1)';
      NO_LOAD_CHECK=BOTH;
      NO_IO_CHECK=BOTH;
      ALLOW_CONNECT=TRUE;
      PINUSE='UNSPEC';
    '2':
      PIN_NUMBER='(2)';
      NO_LOAD_CHECK=BOTH;
      NO_IO_CHECK=BOTH;
      ALLOW_CONNECT=TRUE;
      PINUSE='UNSPEC';
  END_PIN;
  BODY
    PART_NAME='MAASL105CD7105MFCA01';
    PHYS_DES_PREFIX='C';
    NO_LOAD_CHECK='TRUE';
    PIN_COUNT='2';
    BODY_NAME='MAASL105CD7105MFCA01';
    JEDEC_TYPE='MAASx105';
  END_BODY;
END_PRIMITIVE;
END.
